<?xml version="1.0" encoding="UTF-8"?>
<!-- Generated by org.testng.reporters.JUnitXMLReporter -->
<testsuite ignored="0" hostname="DESKTOP-PT9A3C4" failures="0" tests="3" name="Default test" time="6.977" errors="0" timestamp="2025-12-22T08:46:25 JST">
  <testcase classname="testcases.SchemaTests" name="testCartSchema" time="4.606"/>
  <testcase classname="testcases.SchemaTests" name="testProductSchema" time="0.935"/>
  <testcase classname="testcases.SchemaTests" name="testUserSchema" time="0.537"/>
</testsuite> <!-- Default test -->
