<?xml version="1.0" encoding="UTF-8"?>
<!-- Generated by org.testng.reporters.JUnitXMLReporter -->
<testsuite ignored="0" hostname="DESKTOP-PT9A3C4" failures="0" tests="10" name="API Tests" time="11.366" errors="0" timestamp="2025-12-21T08:38:23 JST">
  <testcase classname="testcases.ProductTests" name="testCreateProduct" time="5.174"/>
  <testcase classname="testcases.ProductTests" name="testDeleteProduct" time="0.48"/>
  <testcase classname="testcases.ProductTests" name="testGetAllProducts" time="1.27"/>
  <testcase classname="testcases.ProductTests" name="testGetProductById" time="0.393"/>
  <testcase classname="testcases.ProductTests" name="testGetProductWithinLimit" time="0.484"/>
  <testcase classname="testcases.ProductTests" name="testToRetrieveAllCategories" time="0.407"/>
  <testcase classname="testcases.ProductTests" name="testToRetrieveAscendingOrderProducts" time="0.422"/>
  <testcase classname="testcases.ProductTests" name="testToRetrieveProductByCategory" time="0.974"/>
  <testcase classname="testcases.ProductTests" name="testToRetrieveSortedProductsDescending" time="0.417"/>
  <testcase classname="testcases.ProductTests" name="testUpdateProduct" time="0.392"/>
</testsuite> <!-- API Tests -->
