<?xml version="1.0" encoding="UTF-8"?>
<!-- Generated by org.testng.reporters.JUnitXMLReporter -->
<testsuite ignored="0" hostname="DESKTOP-PT9A3C4" failures="0" tests="10" name="API Tests" time="17.076" errors="0" timestamp="2025-12-21T09:59:42 JST">
  <testcase classname="testcases.ProductTests" name="testCreateProduct" time="7.277"/>
  <testcase classname="testcases.ProductTests" name="testDeleteProduct" time="1.019"/>
  <testcase classname="testcases.ProductTests" name="testGetAllProducts" time="1.306"/>
  <testcase classname="testcases.ProductTests" name="testGetProductById" time="0.906"/>
  <testcase classname="testcases.ProductTests" name="testGetProductWithinLimit" time="0.593"/>
  <testcase classname="testcases.ProductTests" name="testToRetrieveAllCategories" time="1.068"/>
  <testcase classname="testcases.ProductTests" name="testToRetrieveAscendingOrderProducts" time="0.455"/>
  <testcase classname="testcases.ProductTests" name="testToRetrieveProductByCategory" time="1.018"/>
  <testcase classname="testcases.ProductTests" name="testToRetrieveSortedProductsDescending" time="0.432"/>
  <testcase classname="testcases.ProductTests" name="testUpdateProduct" time="0.933"/>
</testsuite> <!-- API Tests -->
