<?xml version="1.0" encoding="UTF-8"?>
<!-- Generated by org.testng.reporters.JUnitXMLReporter -->
<testsuite ignored="0" hostname="DESKTOP-PT9A3C4" failures="0" tests="10" name="Cart Tests" time="5.939" errors="0" timestamp="2025-12-22T07:50:19 JST">
  <testcase classname="testcases.CartTests" name="testCreateCart" time="0.423"/>
  <testcase classname="testcases.CartTests" name="testDeleteCart" time="0.987"/>
  <testcase classname="testcases.CartTests" name="testGetAllCarts" time="0.521"/>
  <testcase classname="testcases.CartTests" name="testGetCartById" time="0.506"/>
  <testcase classname="testcases.CartTests" name="testGetCartsByDateRange" time="0.547"/>
  <testcase classname="testcases.CartTests" name="testGetCartsSorted" time="1.001"/>
  <testcase classname="testcases.CartTests" name="testGetCartsSortedAsc" time="0.483"/>
  <testcase classname="testcases.CartTests" name="testGetCartsWithLimit" time="0.481"/>
  <testcase classname="testcases.CartTests" name="testGetUserCart" time="0.521"/>
  <testcase classname="testcases.CartTests" name="testUpdateCart" time="0.411"/>
</testsuite> <!-- Cart Tests -->
