<?xml version="1.0" encoding="UTF-8"?>
<!-- Generated by org.testng.reporters.JUnitXMLReporter -->
<testsuite ignored="0" hostname="DESKTOP-PT9A3C4" failures="0" tests="10" name="Product Tests" time="11.499" errors="0" timestamp="2025-12-21T15:02:00 JST">
  <testcase classname="testcases.ProductTests" name="testCreateProduct" time="4.893"/>
  <testcase classname="testcases.ProductTests" name="testDeleteProduct" time="0.533"/>
  <testcase classname="testcases.ProductTests" name="testGetAllProducts" time="1.38"/>
  <testcase classname="testcases.ProductTests" name="testGetProductById" time="0.45"/>
  <testcase classname="testcases.ProductTests" name="testGetProductWithinLimit" time="0.507"/>
  <testcase classname="testcases.ProductTests" name="testToRetrieveAllCategories" time="0.412"/>
  <testcase classname="testcases.ProductTests" name="testToRetrieveAscendingOrderProducts" time="0.492"/>
  <testcase classname="testcases.ProductTests" name="testToRetrieveProductByCategory" time="0.478"/>
  <testcase classname="testcases.ProductTests" name="testToRetrieveSortedProductsDescending" time="0.442"/>
  <testcase classname="testcases.ProductTests" name="testUpdateProduct" time="0.43"/>
</testsuite> <!-- Product Tests -->
