<?xml version="1.0" encoding="UTF-8"?>
<!-- Generated by org.testng.reporters.JUnitXMLReporter -->
<testsuite ignored="0" hostname="DESKTOP-PT9A3C4" failures="0" tests="8" name="User Test" time="4.775" errors="0" timestamp="2025-12-21T15:02:05 JST">
  <testcase classname="testcases.UserTests" name="testCreateuser" time="1.09"/>
  <testcase classname="testcases.UserTests" name="testDeleteUser" time="0.494"/>
  <testcase classname="testcases.UserTests" name="testGetAllUsers" time="0.54"/>
  <testcase classname="testcases.UserTests" name="testRetrieveUserById" time="0.56"/>
  <testcase classname="testcases.UserTests" name="testRetrieveUserWithinLimit" time="0.507"/>
  <testcase classname="testcases.UserTests" name="testRetrieveUsersAscending" time="0.539"/>
  <testcase classname="testcases.UserTests" name="testToRetrieveUserDescending" time="0.515"/>
  <testcase classname="testcases.UserTests" name="testUpdateUser" time="0.463"/>
</testsuite> <!-- User Test -->
