<?xml version="1.0" encoding="UTF-8"?>
<testng-results ignored="0" total="1" passed="1" failed="0" skipped="0">
  <reporter-output>
  </reporter-output>
  <suite started-at="2025-12-20T18:33:51 JST" name="Default suite" finished-at="2025-12-20T18:33:57 JST" duration-ms="5713">
    <groups>
    </groups>
    <test started-at="2025-12-20T18:33:51 JST" name="Default test" finished-at="2025-12-20T18:33:57 JST" duration-ms="5713">
      <class name="testcases.ProductTests">
        <test-method is-config="true" signature="setup()[pri:0, instance:testcases.ProductTests@23941fb4]" started-at="2025-12-20T18:33:51 JST" name="setup" finished-at="2025-12-20T18:33:52 JST" duration-ms="807" status="PASS">
          <reporter-output>
          </reporter-output>
        </test-method> <!-- setup -->
        <test-method signature="testToRetrieveAscendingOrderProducts()[pri:0, instance:testcases.ProductTests@23941fb4]" started-at="2025-12-20T18:33:52 JST" name="testToRetrieveAscendingOrderProducts" finished-at="2025-12-20T18:33:57 JST" duration-ms="4651" status="PASS">
          <reporter-output>
          </reporter-output>
        </test-method> <!-- testToRetrieveAscendingOrderProducts -->
      </class> <!-- testcases.ProductTests -->
    </test> <!-- Default test -->
  </suite> <!-- Default suite -->
</testng-results>
