<?xml version="1.0" encoding="UTF-8"?>
<!-- Generated by org.testng.reporters.JUnitReportReporter -->
<testsuite hostname="DESKTOP-PT9A3C4" failures="0" tests="5" name="testcases.ProductDataDrivenTest" time="9.731" errors="0" timestamp="2025-12-21T09:11:32 JST" skipped="0">
  <testcase classname="testcases.ProductDataDrivenTest" name="testAddNewProduct" time="0.827"/>
  <testcase classname="testcases.ProductDataDrivenTest" name="testAddNewProduct" time="4.763"/>
  <testcase classname="testcases.ProductDataDrivenTest" name="testAddNewProduct" time="1.489"/>
  <testcase classname="testcases.ProductDataDrivenTest" name="testAddNewProduct" time="1.305"/>
  <testcase classname="testcases.ProductDataDrivenTest" name="testAddNewProduct" time="1.347"/>
</testsuite> <!-- testcases.ProductDataDrivenTest -->
