<?xml version="1.0" encoding="UTF-8"?>
<!-- Generated by org.testng.reporters.JUnitReportReporter -->
<testsuite hostname="DESKTOP-PT9A3C4" failures="0" tests="10" name="testcases.ProductTests" time="10.017" errors="0" timestamp="2025-12-21T15:02:05 JST" skipped="0">
  <testcase classname="testcases.ProductTests" name="testCreateProduct" time="4.893"/>
  <testcase classname="testcases.ProductTests" name="testUpdateProduct" time="0.430"/>
  <testcase classname="testcases.ProductTests" name="testDeleteProduct" time="0.533"/>
  <testcase classname="testcases.ProductTests" name="testToRetrieveProductByCategory" time="0.478"/>
  <testcase classname="testcases.ProductTests" name="testGetAllProducts" time="1.380"/>
  <testcase classname="testcases.ProductTests" name="testToRetrieveAllCategories" time="0.412"/>
  <testcase classname="testcases.ProductTests" name="testGetProductById" time="0.450"/>
  <testcase classname="testcases.ProductTests" name="testToRetrieveAscendingOrderProducts" time="0.492"/>
  <testcase classname="testcases.ProductTests" name="testToRetrieveSortedProductsDescending" time="0.442"/>
  <testcase classname="testcases.ProductTests" name="testGetProductWithinLimit" time="0.507"/>
</testsuite> <!-- testcases.ProductTests -->
