<?xml version="1.0" encoding="UTF-8"?>
<!-- Generated by org.testng.reporters.JUnitReportReporter -->
<testsuite hostname="DESKTOP-PT9A3C4" failures="0" tests="10" name="testcases.CartTests" time="5.881" errors="0" timestamp="2025-12-22T07:50:19 JST" skipped="0">
  <testcase classname="testcases.CartTests" name="testGetCartsByDateRange" time="0.547"/>
  <testcase classname="testcases.CartTests" name="testGetCartsSortedAsc" time="0.483"/>
  <testcase classname="testcases.CartTests" name="testGetCartById" time="0.506"/>
  <testcase classname="testcases.CartTests" name="testGetCartsWithLimit" time="0.481"/>
  <testcase classname="testcases.CartTests" name="testCreateCart" time="0.423"/>
  <testcase classname="testcases.CartTests" name="testDeleteCart" time="0.987"/>
  <testcase classname="testcases.CartTests" name="testGetUserCart" time="0.521"/>
  <testcase classname="testcases.CartTests" name="testGetAllCarts" time="0.521"/>
  <testcase classname="testcases.CartTests" name="testUpdateCart" time="0.411"/>
  <testcase classname="testcases.CartTests" name="testGetCartsSorted" time="1.001"/>
</testsuite> <!-- testcases.CartTests -->
