<?xml version="1.0" encoding="UTF-8"?>
<!-- Generated by org.testng.reporters.JUnitReportReporter -->
<testsuite hostname="DESKTOP-PT9A3C4" failures="0" tests="10" name="testcases.CartTests" time="9.921" errors="0" timestamp="2025-12-21T16:09:13 JST" skipped="0">
  <testcase classname="testcases.CartTests" name="testDeleteCart" time="1.005"/>
  <testcase classname="testcases.CartTests" name="testGetAllCarts" time="0.538"/>
  <testcase classname="testcases.CartTests" name="testGetCartsSorted" time="0.525"/>
  <testcase classname="testcases.CartTests" name="testCreateCart" time="4.796"/>
  <testcase classname="testcases.CartTests" name="testGetCartsWithLimit" time="0.504"/>
  <testcase classname="testcases.CartTests" name="testGetUserCart" time="0.504"/>
  <testcase classname="testcases.CartTests" name="testUpdateCart" time="0.423"/>
  <testcase classname="testcases.CartTests" name="testGetCartById" time="0.508"/>
  <testcase classname="testcases.CartTests" name="testGetCartsSortedAsc" time="0.515"/>
  <testcase classname="testcases.CartTests" name="testGetCartsByDateRange" time="0.603"/>
</testsuite> <!-- testcases.CartTests -->
