<?xml version="1.0" encoding="UTF-8"?>
<!-- Generated by org.testng.reporters.JUnitReportReporter -->
<testsuite hostname="DESKTOP-PT9A3C4" failures="0" tests="3" name="testcases.SchemaTests" time="6.078" errors="0" timestamp="2025-12-22T08:46:25 JST" skipped="0">
  <testcase classname="testcases.SchemaTests" name="testCartSchema" time="4.606"/>
  <testcase classname="testcases.SchemaTests" name="testUserSchema" time="0.537"/>
  <testcase classname="testcases.SchemaTests" name="testProductSchema" time="0.935"/>
</testsuite> <!-- testcases.SchemaTests -->
