<?xml version="1.0" encoding="UTF-8"?>
<!-- Generated by org.testng.reporters.JUnitReportReporter -->
<testsuite hostname="DESKTOP-PT9A3C4" failures="0" tests="8" name="testcases.UserTests" time="4.708" errors="0" timestamp="2025-12-21T15:02:05 JST" skipped="0">
  <testcase classname="testcases.UserTests" name="testDeleteUser" time="0.494"/>
  <testcase classname="testcases.UserTests" name="testGetAllUsers" time="0.540"/>
  <testcase classname="testcases.UserTests" name="testRetrieveUsersAscending" time="0.539"/>
  <testcase classname="testcases.UserTests" name="testRetrieveUserWithinLimit" time="0.507"/>
  <testcase classname="testcases.UserTests" name="testToRetrieveUserDescending" time="0.515"/>
  <testcase classname="testcases.UserTests" name="testRetrieveUserById" time="0.560"/>
  <testcase classname="testcases.UserTests" name="testCreateuser" time="1.090"/>
  <testcase classname="testcases.UserTests" name="testUpdateUser" time="0.463"/>
</testsuite> <!-- testcases.UserTests -->
