<?xml version="1.0" encoding="UTF-8"?>
<!-- Generated by org.testng.reporters.JUnitReportReporter -->
<testsuite hostname="DESKTOP-PT9A3C4" failures="0" tests="10" name="testcases.ProductTests" time="10.504" errors="0" timestamp="2025-12-22T07:50:19 JST" skipped="0">
  <testcase classname="testcases.ProductTests" name="testToRetrieveSortedProductsDescending" time="0.450"/>
  <testcase classname="testcases.ProductTests" name="testCreateProduct" time="5.282"/>
  <testcase classname="testcases.ProductTests" name="testGetProductById" time="0.439"/>
  <testcase classname="testcases.ProductTests" name="testUpdateProduct" time="0.983"/>
  <testcase classname="testcases.ProductTests" name="testDeleteProduct" time="0.462"/>
  <testcase classname="testcases.ProductTests" name="testToRetrieveAscendingOrderProducts" time="0.583"/>
  <testcase classname="testcases.ProductTests" name="testToRetrieveProductByCategory" time="0.498"/>
  <testcase classname="testcases.ProductTests" name="testGetProductWithinLimit" time="0.954"/>
  <testcase classname="testcases.ProductTests" name="testToRetrieveAllCategories" time="0.395"/>
  <testcase classname="testcases.ProductTests" name="testGetAllProducts" time="0.458"/>
</testsuite> <!-- testcases.ProductTests -->
