<?xml version="1.0" encoding="UTF-8"?>
<!-- Generated by org.testng.reporters.JUnitReportReporter -->
<testsuite hostname="DESKTOP-PT9A3C4" failures="0" tests="8" name="testcases.UserTests" time="9.103" errors="0" timestamp="2025-12-22T07:50:19 JST" skipped="0">
  <testcase classname="testcases.UserTests" name="testGetAllUsers" time="0.530"/>
  <testcase classname="testcases.UserTests" name="testToRetrieveUserDescending" time="0.744"/>
  <testcase classname="testcases.UserTests" name="testRetrieveUserWithinLimit" time="0.506"/>
  <testcase classname="testcases.UserTests" name="testUpdateUser" time="0.456"/>
  <testcase classname="testcases.UserTests" name="testDeleteUser" time="0.593"/>
  <testcase classname="testcases.UserTests" name="testRetrieveUsersAscending" time="0.519"/>
  <testcase classname="testcases.UserTests" name="testRetrieveUserById" time="0.495"/>
  <testcase classname="testcases.UserTests" name="testCreateuser" time="5.260"/>
</testsuite> <!-- testcases.UserTests -->
