<?xml version="1.0" encoding="UTF-8"?>
<!-- Generated by org.testng.reporters.JUnitReportReporter -->
<testsuite hostname="DESKTOP-PT9A3C4" failures="0" tests="10" name="testcases.CartTests" time="5.192" errors="0" timestamp="2025-12-22T08:58:54 JST" skipped="0">
  <testcase classname="testcases.CartTests" name="testGetCartsByDateRange" time="0.558"/>
  <testcase classname="testcases.CartTests" name="testGetAllCarts" time="0.539"/>
  <testcase classname="testcases.CartTests" name="testGetCartsSorted" time="0.532"/>
  <testcase classname="testcases.CartTests" name="testGetCartsSortedAsc" time="0.532"/>
  <testcase classname="testcases.CartTests" name="testGetCartsWithLimit" time="0.500"/>
  <testcase classname="testcases.CartTests" name="testGetUserCart" time="0.504"/>
  <testcase classname="testcases.CartTests" name="testDeleteCart" time="0.487"/>
  <testcase classname="testcases.CartTests" name="testGetCartById" time="0.574"/>
  <testcase classname="testcases.CartTests" name="testCreateCart" time="0.513"/>
  <testcase classname="testcases.CartTests" name="testUpdateCart" time="0.453"/>
</testsuite> <!-- testcases.CartTests -->
