<?xml version="1.0" encoding="UTF-8"?>
<!-- Generated by org.testng.reporters.JUnitReportReporter -->
<testsuite hostname="DESKTOP-PT9A3C4" failures="0" tests="8" name="testcases.UserTests" time="11.096" errors="0" timestamp="2025-12-22T08:58:54 JST" skipped="0">
  <testcase classname="testcases.UserTests" name="testToRetrieveUserDescending" time="1.050"/>
  <testcase classname="testcases.UserTests" name="testRetrieveUsersAscending" time="0.557"/>
  <testcase classname="testcases.UserTests" name="testDeleteUser" time="1.090"/>
  <testcase classname="testcases.UserTests" name="testRetrieveUserById" time="1.075"/>
  <testcase classname="testcases.UserTests" name="testCreateuser" time="5.186"/>
  <testcase classname="testcases.UserTests" name="testGetAllUsers" time="1.098"/>
  <testcase classname="testcases.UserTests" name="testUpdateUser" time="0.453"/>
  <testcase classname="testcases.UserTests" name="testRetrieveUserWithinLimit" time="0.587"/>
</testsuite> <!-- testcases.UserTests -->
