<?xml version="1.0" encoding="UTF-8"?>
<!-- Generated by org.testng.reporters.JUnitXMLReporter -->
<testsuite ignored="0" hostname="DESKTOP-PT9A3C4" failures="0" tests="10" name="Product Tests" time="12.495" errors="0" timestamp="2025-12-22T08:58:49 JST">
  <testcase classname="testcases.ProductTests" name="testCreateProduct" time="5.171"/>
  <testcase classname="testcases.ProductTests" name="testDeleteProduct" time="1.048"/>
  <testcase classname="testcases.ProductTests" name="testGetAllProducts" time="1.248"/>
  <testcase classname="testcases.ProductTests" name="testGetProductById" time="0.949"/>
  <testcase classname="testcases.ProductTests" name="testGetProductWithinLimit" time="0.518"/>
  <testcase classname="testcases.ProductTests" name="testToRetrieveAllCategories" time="0.457"/>
  <testcase classname="testcases.ProductTests" name="testToRetrieveAscendingOrderProducts" time="0.483"/>
  <testcase classname="testcases.ProductTests" name="testToRetrieveProductByCategory" time="0.452"/>
  <testcase classname="testcases.ProductTests" name="testToRetrieveSortedProductsDescending" time="0.419"/>
  <testcase classname="testcases.ProductTests" name="testUpdateProduct" time="0.388"/>
</testsuite> <!-- Product Tests -->
