<?xml version="1.0" encoding="UTF-8"?>
<!-- Generated by org.testng.reporters.JUnitXMLReporter -->
<testsuite ignored="0" hostname="DESKTOP-PT9A3C4" failures="0" tests="8" name="User Test" time="12.424" errors="0" timestamp="2025-12-22T08:58:49 JST">
  <testcase classname="testcases.UserTests" name="testCreateuser" time="5.186"/>
  <testcase classname="testcases.UserTests" name="testDeleteUser" time="1.09"/>
  <testcase classname="testcases.UserTests" name="testGetAllUsers" time="1.098"/>
  <testcase classname="testcases.UserTests" name="testRetrieveUserById" time="1.075"/>
  <testcase classname="testcases.UserTests" name="testRetrieveUserWithinLimit" time="0.587"/>
  <testcase classname="testcases.UserTests" name="testRetrieveUsersAscending" time="0.557"/>
  <testcase classname="testcases.UserTests" name="testToRetrieveUserDescending" time="1.05"/>
  <testcase classname="testcases.UserTests" name="testUpdateUser" time="0.453"/>
</testsuite> <!-- User Test -->
